; Top Design: "SSL_lib:Sigong:schematic"
; Netlisted using Hierarchy Policy: "Standard"

Options ResourceUsage=yes UseNutmegFormat=no EnableOptim=no TopDesignName="SSL_lib:Sigong:schematic" DcopOutputNodeVoltages=yes DcopOutputPinCurrents=yes DcopOutputAllSweepPoints=no DcopOutputDcopType=0
model MSub1 MSUB H=0.254 mm Er=9.9 Mur=1 Cond=1.0E+50 Hu=1e+33 mm T=0.035 mm TanD=0.002 Rough=0 mm DielectricLossModel=1 FreqForEpsrTanD=1.0 GHz LowFreqForTanD=1.0 kHz HighFreqForTanD=1.0 THz RoughnessModel=2 
S_Param:SP1 CalcS=yes CalcY=no CalcZ=no GroupDelayAperture=1e-4 FreqConversion=no FreqConversionPort=1 StatusLevel=2 CalcNoise=no SortNoise=0 BandwidthForNoise=1.0 Hz DevOpPtLevel=0 \
SweepVar="freq" SweepPlan="SP1_stim" OutputPlan="SP1_Output" 

SweepPlan: SP1_stim Start=1 GHz Stop=50 GHz Step=0.1 GHz 

OutputPlan:SP1_Output \
      Type="Output" \
      UseEquationNestLevel=yes \
      EquationNestLevel=2 \
      UseSavedEquationNestLevel=yes \
      SavedEquationNestLevel=2

#load "python","LinearCollapse"
Component Module="LinearCollapse" Type="ModelExtractor" NetworkRepresentation=2
L:L24  N__30 0 L=0.1605 nH Noise=yes  
L:L25  N__31 0 L=0.1845 nH Noise=yes  
C:C23  N__10 N__30 C=0.0685 pF 
C:C24  N__30 N__31 C=0.0581 pF 
C:C25  N__31 N__33 C=0.1236 pF 
Port:TermG8  N__33 0 Num=2 Z=50 Ohm Noise=yes 
Port:TermG12  N__10 0 Num=1 Z=50 Ohm Noise=yes 
